 pkg-config --exists libffi
 pkg-config --libs libffi |
=> "-lffi \n"
 "x86_64-pc-linux-gnu-gcc -o conftest -I/usr/include/ruby-3.1.0/x86_64-linux -I/usr/include/ruby-3.1.0/ruby/backward -I/usr/include/ruby-3.1.0 -I.    -march=native -O2 -pipe -fno-strict-aliasing -fPIC conftest.c  -L. -L/usr/lib64 -L. -Wl,-O1 -Wl,--as-needed -fstack-protector-strong -rdynamic -Wl,-export-dynamic -Wl,--no-as-needed     -lruby31  -lm  -lc"
checked program was:
/* begin */
1: #include "ruby.h"
2: 
3: int main(int argc, char **argv)
4: {
5:   return !!argv[argc];
6: }
/* end */

 "x86_64-pc-linux-gnu-gcc -o conftest -I/usr/include/ruby-3.1.0/x86_64-linux -I/usr/include/ruby-3.1.0/ruby/backward -I/usr/include/ruby-3.1.0 -I.    -march=native -O2 -pipe -fno-strict-aliasing -fPIC conftest.c  -L. -L/usr/lib64 -L. -Wl,-O1 -Wl,--as-needed -fstack-protector-strong -rdynamic -Wl,-export-dynamic -Wl,--no-as-needed     -lruby31 -lffi -lm  -lc"
checked program was:
/* begin */
1: #include "ruby.h"
2: 
3: int main(int argc, char **argv)
4: {
5:   return !!argv[argc];
6: }
/* end */

 pkg-config --cflags-only-I libffi |
=> "-I/usr/lib64/libffi/include \n"
 pkg-config --cflags-only-other libffi |
=> "\n"
 pkg-config --libs-only-l libffi |
=> "-lffi \n"
package configuration for libffi
incflags: -I/usr/lib64/libffi/include
cflags: 
ldflags: 
libs: -lffi

have_library: checking for ffi_prep_closure_loc() in -lffi... -------------------- yes

 "x86_64-pc-linux-gnu-gcc -o conftest -I/usr/include/ruby-3.1.0/x86_64-linux -I/usr/include/ruby-3.1.0/ruby/backward -I/usr/include/ruby-3.1.0 -I. -I/usr/lib64/libffi/include    -march=native -O2 -pipe -fno-strict-aliasing -fPIC  conftest.c  -L. -L/usr/lib64 -L. -Wl,-O1 -Wl,--as-needed -fstack-protector-strong -rdynamic -Wl,-export-dynamic -Wl,--no-as-needed      -lffi -lruby31 -lffi  -lffi -lm  -lc"
checked program was:
/* begin */
 1: #include "ruby.h"
 2: 
 3: #include <ffi.h>
 4: 
 5: /*top*/
 6: extern int t(void);
 7: int main(int argc, char **argv)
 8: {
 9:   if (argc > 1000000) {
10:     int (* volatile tp)(void)=(int (*)(void))&t;
11:     printf("%d", (*tp)());
12:   }
13: 
14:   return !!argv[argc];
15: }
16: int t(void) { void ((*volatile p)()); p = (void ((*)()))ffi_prep_closure_loc; return !p; }
/* end */

--------------------

have_func: checking for ffi_prep_cif_var()... -------------------- yes

 "x86_64-pc-linux-gnu-gcc -o conftest -I/usr/include/ruby-3.1.0/x86_64-linux -I/usr/include/ruby-3.1.0/ruby/backward -I/usr/include/ruby-3.1.0 -I. -I/usr/lib64/libffi/include    -march=native -O2 -pipe -fno-strict-aliasing -fPIC  conftest.c  -L. -L/usr/lib64 -L. -Wl,-O1 -Wl,--as-needed -fstack-protector-strong -rdynamic -Wl,-export-dynamic -Wl,--no-as-needed     -lffi  -lffi -lruby31 -lffi  -lffi -lm  -lc"
conftest.c: In function ‘t’:
conftest.c:14:57: error: ‘ffi_prep_cif_var’ undeclared (first use in this function)
   14 | int t(void) { void ((*volatile p)()); p = (void ((*)()))ffi_prep_cif_var; return !p; }
      |                                                         ^~~~~~~~~~~~~~~~
conftest.c:14:57: note: each undeclared identifier is reported only once for each function it appears in
checked program was:
/* begin */
 1: #include "ruby.h"
 2: 
 3: /*top*/
 4: extern int t(void);
 5: int main(int argc, char **argv)
 6: {
 7:   if (argc > 1000000) {
 8:     int (* volatile tp)(void)=(int (*)(void))&t;
 9:     printf("%d", (*tp)());
10:   }
11: 
12:   return !!argv[argc];
13: }
14: int t(void) { void ((*volatile p)()); p = (void ((*)()))ffi_prep_cif_var; return !p; }
/* end */

 "x86_64-pc-linux-gnu-gcc -o conftest -I/usr/include/ruby-3.1.0/x86_64-linux -I/usr/include/ruby-3.1.0/ruby/backward -I/usr/include/ruby-3.1.0 -I. -I/usr/lib64/libffi/include    -march=native -O2 -pipe -fno-strict-aliasing -fPIC  conftest.c  -L. -L/usr/lib64 -L. -Wl,-O1 -Wl,--as-needed -fstack-protector-strong -rdynamic -Wl,-export-dynamic -Wl,--no-as-needed     -lffi  -lffi -lruby31 -lffi  -lffi -lm  -lc"
checked program was:
/* begin */
 1: #include "ruby.h"
 2: 
 3: /*top*/
 4: extern int t(void);
 5: int main(int argc, char **argv)
 6: {
 7:   if (argc > 1000000) {
 8:     int (* volatile tp)(void)=(int (*)(void))&t;
 9:     printf("%d", (*tp)());
10:   }
11: 
12:   return !!argv[argc];
13: }
14: extern void ffi_prep_cif_var();
15: int t(void) { ffi_prep_cif_var(); return 0; }
/* end */

--------------------

have_func: checking for ffi_raw_call()... -------------------- yes

 "x86_64-pc-linux-gnu-gcc -o conftest -I/usr/include/ruby-3.1.0/x86_64-linux -I/usr/include/ruby-3.1.0/ruby/backward -I/usr/include/ruby-3.1.0 -I. -I/usr/lib64/libffi/include    -march=native -O2 -pipe -fno-strict-aliasing -fPIC  conftest.c  -L. -L/usr/lib64 -L. -Wl,-O1 -Wl,--as-needed -fstack-protector-strong -rdynamic -Wl,-export-dynamic -Wl,--no-as-needed     -lffi  -lffi -lruby31 -lffi  -lffi -lm  -lc"
conftest.c: In function ‘t’:
conftest.c:14:57: error: ‘ffi_raw_call’ undeclared (first use in this function)
   14 | int t(void) { void ((*volatile p)()); p = (void ((*)()))ffi_raw_call; return !p; }
      |                                                         ^~~~~~~~~~~~
conftest.c:14:57: note: each undeclared identifier is reported only once for each function it appears in
checked program was:
/* begin */
 1: #include "ruby.h"
 2: 
 3: /*top*/
 4: extern int t(void);
 5: int main(int argc, char **argv)
 6: {
 7:   if (argc > 1000000) {
 8:     int (* volatile tp)(void)=(int (*)(void))&t;
 9:     printf("%d", (*tp)());
10:   }
11: 
12:   return !!argv[argc];
13: }
14: int t(void) { void ((*volatile p)()); p = (void ((*)()))ffi_raw_call; return !p; }
/* end */

 "x86_64-pc-linux-gnu-gcc -o conftest -I/usr/include/ruby-3.1.0/x86_64-linux -I/usr/include/ruby-3.1.0/ruby/backward -I/usr/include/ruby-3.1.0 -I. -I/usr/lib64/libffi/include    -march=native -O2 -pipe -fno-strict-aliasing -fPIC  conftest.c  -L. -L/usr/lib64 -L. -Wl,-O1 -Wl,--as-needed -fstack-protector-strong -rdynamic -Wl,-export-dynamic -Wl,--no-as-needed     -lffi  -lffi -lruby31 -lffi  -lffi -lm  -lc"
checked program was:
/* begin */
 1: #include "ruby.h"
 2: 
 3: /*top*/
 4: extern int t(void);
 5: int main(int argc, char **argv)
 6: {
 7:   if (argc > 1000000) {
 8:     int (* volatile tp)(void)=(int (*)(void))&t;
 9:     printf("%d", (*tp)());
10:   }
11: 
12:   return !!argv[argc];
13: }
14: extern void ffi_raw_call();
15: int t(void) { ffi_raw_call(); return 0; }
/* end */

--------------------

have_func: checking for ffi_prep_raw_closure()... -------------------- yes

 "x86_64-pc-linux-gnu-gcc -o conftest -I/usr/include/ruby-3.1.0/x86_64-linux -I/usr/include/ruby-3.1.0/ruby/backward -I/usr/include/ruby-3.1.0 -I. -I/usr/lib64/libffi/include    -march=native -O2 -pipe -fno-strict-aliasing -fPIC  conftest.c  -L. -L/usr/lib64 -L. -Wl,-O1 -Wl,--as-needed -fstack-protector-strong -rdynamic -Wl,-export-dynamic -Wl,--no-as-needed     -lffi  -lffi -lruby31 -lffi  -lffi -lm  -lc"
conftest.c: In function ‘t’:
conftest.c:14:57: error: ‘ffi_prep_raw_closure’ undeclared (first use in this function)
   14 | int t(void) { void ((*volatile p)()); p = (void ((*)()))ffi_prep_raw_closure; return !p; }
      |                                                         ^~~~~~~~~~~~~~~~~~~~
conftest.c:14:57: note: each undeclared identifier is reported only once for each function it appears in
checked program was:
/* begin */
 1: #include "ruby.h"
 2: 
 3: /*top*/
 4: extern int t(void);
 5: int main(int argc, char **argv)
 6: {
 7:   if (argc > 1000000) {
 8:     int (* volatile tp)(void)=(int (*)(void))&t;
 9:     printf("%d", (*tp)());
10:   }
11: 
12:   return !!argv[argc];
13: }
14: int t(void) { void ((*volatile p)()); p = (void ((*)()))ffi_prep_raw_closure; return !p; }
/* end */

 "x86_64-pc-linux-gnu-gcc -o conftest -I/usr/include/ruby-3.1.0/x86_64-linux -I/usr/include/ruby-3.1.0/ruby/backward -I/usr/include/ruby-3.1.0 -I. -I/usr/lib64/libffi/include    -march=native -O2 -pipe -fno-strict-aliasing -fPIC  conftest.c  -L. -L/usr/lib64 -L. -Wl,-O1 -Wl,--as-needed -fstack-protector-strong -rdynamic -Wl,-export-dynamic -Wl,--no-as-needed     -lffi  -lffi -lruby31 -lffi  -lffi -lm  -lc"
checked program was:
/* begin */
 1: #include "ruby.h"
 2: 
 3: /*top*/
 4: extern int t(void);
 5: int main(int argc, char **argv)
 6: {
 7:   if (argc > 1000000) {
 8:     int (* volatile tp)(void)=(int (*)(void))&t;
 9:     printf("%d", (*tp)());
10:   }
11: 
12:   return !!argv[argc];
13: }
14: extern void ffi_prep_raw_closure();
15: int t(void) { ffi_prep_raw_closure(); return 0; }
/* end */

--------------------

block in append_ldflags: checking for whether -pthread is accepted as LDFLAGS... -------------------- yes

 "x86_64-pc-linux-gnu-gcc -o conftest -I/usr/include/ruby-3.1.0/x86_64-linux -I/usr/include/ruby-3.1.0/ruby/backward -I/usr/include/ruby-3.1.0 -I. -I/usr/lib64/libffi/include    -march=native -O2 -pipe -fno-strict-aliasing -fPIC  conftest.c  -L. -L/usr/lib64 -L. -Wl,-O1 -Wl,--as-needed -fstack-protector-strong -rdynamic -Wl,-export-dynamic -Wl,--no-as-needed     -lffi  -lffi -lruby31 -pthread -lm  -lc"
checked program was:
/* begin */
1: #include "ruby.h"
2: 
3: int main(int argc, char **argv)
4: {
5:   return !!argv[argc];
6: }
/* end */

--------------------

extconf.h is:
/* begin */
1: #ifndef EXTCONF_H
2: #define EXTCONF_H
3: #define HAVE_FFI_PREP_CIF_VAR 1
4: #define HAVE_FFI_RAW_CALL 1
5: #define HAVE_FFI_PREP_RAW_CLOSURE 1
6: #define HAVE_RAW_API 1
7: #endif
/* end */

